[32m2025-05-26 11:52:59 +0200[0m - dagster - [34mDEBUG[0m - __ASSET_JOB - f1f0902f-7193-46d6-8a48-df9a5c136875 - 52388 - LOGS_CAPTURED - Started capturing logs in process (pid: 52388).
[32m2025-05-26 11:52:59 +0200[0m - dagster - [34mDEBUG[0m - __ASSET_JOB - f1f0902f-7193-46d6-8a48-df9a5c136875 - 52388 - trained_model - STEP_START - Started execution of step "trained_model".
[32m2025-05-26 11:52:59 +0200[0m - dagster - [34mINFO[0m - __ASSET_JOB - f1f0902f-7193-46d6-8a48-df9a5c136875 - trained_model - Chargement depuis LakeFS: s3://mlops-spoty-data/main/processed/split_data.parquet
[32m2025-05-26 11:52:59 +0200[0m - dagster - [34mDEBUG[0m - __ASSET_JOB - f1f0902f-7193-46d6-8a48-df9a5c136875 - 52388 - trained_model - LOADED_INPUT - Loaded input "split_data" using input manager "io_manager", from output "result" of step "split_data"
[32m2025-05-26 11:52:59 +0200[0m - dagster - [34mDEBUG[0m - __ASSET_JOB - f1f0902f-7193-46d6-8a48-df9a5c136875 - 52388 - trained_model - STEP_INPUT - Got input "split_data" of type "DataFrame". (Type check passed).
2025/05/26 11:53:00 WARNING mlflow.utils.autologging_utils: MLflow xgboost autologging is known to be compatible with 1.4.2 <= xgboost <= 3.0.0, but the installed version is 3.0.1. If you encounter errors during autologging, try upgrading / downgrading xgboost to a compatible version, or try upgrading MLflow.
[32m2025-05-26 11:53:00 +0200[0m - dagster - [34mINFO[0m - __ASSET_JOB - f1f0902f-7193-46d6-8a48-df9a5c136875 - trained_model - Auto-logging is enabled for XGBoost.
2025/05/26 11:53:00 WARNING mlflow.utils.autologging_utils: MLflow xgboost autologging is known to be compatible with 1.4.2 <= xgboost <= 3.0.0, but the installed version is 3.0.1. If you encounter errors during autologging, try upgrading / downgrading xgboost to a compatible version, or try upgrading MLflow.
/Users/level3/Desktop/MLopsSpoty/.venv/lib/python3.13/site-packages/xgboost/training.py:183: UserWarning: [11:53:00] WARNING: /Users/runner/work/xgboost/xgboost/src/learner.cc:738: 
Parameters: { "use_label_encoder" } are not used.

  bst.update(dtrain, iteration=i, fobj=obj)
2025/05/26 11:53:01 WARNING mlflow.utils.autologging_utils: MLflow autologging encountered a warning: "/Users/level3/Desktop/MLopsSpoty/.venv/lib/python3.13/site-packages/mlflow/types/utils.py:452: UserWarning: Hint: Inferred schema contains integer column(s). Integer columns in Python cannot represent missing values. If your input data contains missing values at inference time, it will be encoded as floats and will cause a schema enforcement error. The best way to avoid this problem is to infer the model schema based on a realistic data sample (training dataset) that includes missing values. Alternatively, you can declare integer columns as doubles (float64) whenever these columns may have missing values. See `Handling Integers With Missing Values <https://www.mlflow.org/docs/latest/models.html#handling-integers-with-missing-values>`_ for more details."
2025/05/26 11:53:01 WARNING mlflow.utils.autologging_utils: MLflow autologging encountered a warning: "/Users/level3/Desktop/MLopsSpoty/.venv/lib/python3.13/site-packages/xgboost/sklearn.py:1028: UserWarning: [11:53:01] WARNING: /Users/runner/work/xgboost/xgboost/src/c_api/c_api.cc:1427: Saving model in the UBJSON format as default.  You can use file extension: `json`, `ubj` or `deprecated` to choose between formats."
2025/05/26 11:53:04 WARNING mlflow.utils.autologging_utils: MLflow autologging encountered a warning: "/Users/level3/Desktop/MLopsSpoty/.venv/lib/python3.13/site-packages/mlflow/types/utils.py:452: UserWarning: Hint: Inferred schema contains integer column(s). Integer columns in Python cannot represent missing values. If your input data contains missing values at inference time, it will be encoded as floats and will cause a schema enforcement error. The best way to avoid this problem is to infer the model schema based on a realistic data sample (training dataset) that includes missing values. Alternatively, you can declare integer columns as doubles (float64) whenever these columns may have missing values. See `Handling Integers With Missing Values <https://www.mlflow.org/docs/latest/models.html#handling-integers-with-missing-values>`_ for more details."
[32m2025-05-26 11:53:04 +0200[0m - dagster - [34mDEBUG[0m - __ASSET_JOB - f1f0902f-7193-46d6-8a48-df9a5c136875 - 52388 - trained_model - STEP_OUTPUT - Yielded output "result" of type "Any". (Type check passed).
[32m2025-05-26 11:53:04 +0200[0m - dagster - [34mINFO[0m - __ASSET_JOB - f1f0902f-7193-46d6-8a48-df9a5c136875 - trained_model - Sauvegarde dans LakeFS: s3://mlops-spoty-data/main/models/trained_model.pkl
[32m2025-05-26 11:53:04 +0200[0m - dagster - [34mINFO[0m - __ASSET_JOB - f1f0902f-7193-46d6-8a48-df9a5c136875 - trained_model - Modèle sauvegardé localement dans models/trained_model.pkl
[32m2025-05-26 11:53:04 +0200[0m - dagster - [34mDEBUG[0m - __ASSET_JOB - f1f0902f-7193-46d6-8a48-df9a5c136875 - 52388 - trained_model - ASSET_MATERIALIZATION - Materialized value trained_model.
[32m2025-05-26 11:53:04 +0200[0m - dagster - [34mDEBUG[0m - __ASSET_JOB - f1f0902f-7193-46d6-8a48-df9a5c136875 - 52388 - trained_model - HANDLED_OUTPUT - Handled output "result" using IO manager "io_manager"
[32m2025-05-26 11:53:04 +0200[0m - dagster - [34mDEBUG[0m - __ASSET_JOB - f1f0902f-7193-46d6-8a48-df9a5c136875 - 52388 - trained_model - STEP_SUCCESS - Finished execution of step "trained_model" in 4.67s.
